<?xml version="1.0" encoding="UTF-8"?>
<!-- Generated by org.testng.reporters.JUnitReportReporter -->
<testsuite hostname="ELW4191" failures="0" tests="3" name="rahulshettyacademy.tests.SubmitOrderTest" time="25.302" errors="0" timestamp="2024-11-19T15:22:04 IST" skipped="0">
  <testcase classname="rahulshettyacademy.tests.SubmitOrderTest" name="submitOrder" time="10.977"/>
  <testcase classname="rahulshettyacademy.tests.SubmitOrderTest" name="OrderHistoryTest" time="5.615"/>
  <testcase classname="rahulshettyacademy.tests.SubmitOrderTest" name="submitOrder" time="8.710"/>
</testsuite> <!-- rahulshettyacademy.tests.SubmitOrderTest -->
